<?xml version="1.0" encoding="UTF-8"?>
<!-- Generated by org.testng.reporters.JUnitXMLReporter -->
<testsuite ignored="0" hostname="NIKHIL-PANDE" failures="0" tests="4" name="Test4" time="0.087" errors="0" timestamp="2022-12-12T23:56:28 IST">
  <testcase classname="yt_TestNG._1DataProvider" name="dataMatrix" time="0.015"/>
  <testcase classname="yt_TestNG._1DataProvider" name="dataMatrix" time="0.005"/>
  <testcase classname="yt_TestNG._1DataProvider" name="dataMatrix" time="0.004"/>
  <testcase classname="yt_TestNG._1DataProvider" name="T2" time="0.005"/>
</testsuite> <!-- Test4 -->
