<?xml version="1.0" encoding="UTF-8"?>
<!-- Generated by org.testng.reporters.JUnitXMLReporter -->
<testsuite ignored="0" hostname="NIKHIL-PANDE" failures="0" tests="4" name="Test3" time="0.043" errors="0" timestamp="2022-12-12T23:56:28 IST">
  <testcase classname="yt_TestNG.Basic" name="launchUrl" time="0.002"/>
  <testcase classname="yt_TestNG.Basic" name="loginPage" time="0.004"/>
  <testcase classname="yt_TestNG.Basic" name="homePage" time="0.002"/>
  <testcase classname="yt_TestNG.Basic" name="logoutPage" time="0.002"/>
</testsuite> <!-- Test3 -->
