<?xml version="1.0" encoding="UTF-8"?>
<!-- Generated by org.testng.reporters.JUnitXMLReporter -->
<testsuite ignored="0" hostname="NIKHIL-PANDE" failures="0" tests="6" name="Test" time="23.146" errors="0" timestamp="2022-11-29T15:56:50 IST">
  <testcase classname="_22_Test_NG.Annoations" name="@AfterClass closebrowser" time="0.056">
    <failure type="org.openqa.selenium.UnhandledAlertException" message="unexpected alert open: {Alert text : Your session has expired.
The current page will be reloaded to start a new session.

Sorry for inconvenience.}
  (Session info: chrome=107.0.5304.121): Your session has expired.
The current page will be reloaded to start a new session.

Sorry for inconvenience.
Build info: version: &amp;apos;4.4.0&amp;apos;, revision: &amp;apos;e5c75ed026a&amp;apos;
System info: host: &amp;apos;NIKHIL-PANDE&amp;apos;, ip: &amp;apos;192.168.226.1&amp;apos;, os.name: &amp;apos;Windows 10&amp;apos;, os.arch: &amp;apos;amd64&amp;apos;, os.version: &amp;apos;10.0&amp;apos;, java.version: &amp;apos;18.0.2&amp;apos;
Driver info: org.openqa.selenium.chrome.ChromeDriver
Command: [f968685f18d7c1b47ad7504e085dbf79, close {}]
Capabilities {acceptInsecureCerts: false, browserName: chrome, browserVersion: 107.0.5304.121, chrome: {chromedriverVersion: 107.0.5304.62 (1eec40d3a576..., userDataDir: C:\Users\it360\AppData\Loca...}, goog:chromeOptions: {debuggerAddress: localhost:62729}, networkConnectionEnabled: false, pageLoadStrategy: normal, platformName: WINDOWS, proxy: Proxy(), se:cdp: ws://localhost:62729/devtoo..., se:cdpVersion: 107.0.5304.121, setWindowRect: true, strictFileInteractability: false, timeouts: {implicit: 0, pageLoad: 300000, script: 30000}, unhandledPromptBehavior: dismiss and notify, webauthn:extension:credBlob: true, webauthn:extension:largeBlob: true, webauthn:virtualAuthenticators: true}
Session ID: f968685f18d7c1b47ad7504e085dbf79">
      <![CDATA[org.openqa.selenium.UnhandledAlertException: unexpected alert open: {Alert text : Your session has expired.
The current page will be reloaded to start a new session.

Sorry for inconvenience.}
  (Session info: chrome=107.0.5304.121): Your session has expired.
The current page will be reloaded to start a new session.

Sorry for inconvenience.
Build info: version: '4.4.0', revision: 'e5c75ed026a'
System info: host: 'NIKHIL-PANDE', ip: '192.168.226.1', os.name: 'Windows 10', os.arch: 'amd64', os.version: '10.0', java.version: '18.0.2'
Driver info: org.openqa.selenium.chrome.ChromeDriver
Command: [f968685f18d7c1b47ad7504e085dbf79, close {}]
Capabilities {acceptInsecureCerts: false, browserName: chrome, browserVersion: 107.0.5304.121, chrome: {chromedriverVersion: 107.0.5304.62 (1eec40d3a576..., userDataDir: C:\Users\it360\AppData\Loca...}, goog:chromeOptions: {debuggerAddress: localhost:62729}, networkConnectionEnabled: false, pageLoadStrategy: normal, platformName: WINDOWS, proxy: Proxy(), se:cdp: ws://localhost:62729/devtoo..., se:cdpVersion: 107.0.5304.121, setWindowRect: true, strictFileInteractability: false, timeouts: {implicit: 0, pageLoad: 300000, script: 30000}, unhandledPromptBehavior: dismiss and notify, webauthn:extension:credBlob: true, webauthn:extension:largeBlob: true, webauthn:virtualAuthenticators: true}
Session ID: f968685f18d7c1b47ad7504e085dbf79
at org.openqa.selenium.remote.codec.w3c.W3CHttpResponseCodec.decode(W3CHttpResponseCodec.java:131)
at org.openqa.selenium.remote.codec.w3c.W3CHttpResponseCodec.decode(W3CHttpResponseCodec.java:53)
at org.openqa.selenium.remote.HttpCommandExecutor.execute(HttpCommandExecutor.java:184)
at org.openqa.selenium.remote.service.DriverCommandExecutor.invokeExecute(DriverCommandExecutor.java:167)
at org.openqa.selenium.remote.service.DriverCommandExecutor.execute(DriverCommandExecutor.java:142)
at org.openqa.selenium.remote.RemoteWebDriver.execute(RemoteWebDriver.java:547)
at org.openqa.selenium.remote.RemoteWebDriver.execute(RemoteWebDriver.java:602)
at org.openqa.selenium.remote.RemoteWebDriver.execute(RemoteWebDriver.java:606)
at org.openqa.selenium.remote.RemoteWebDriver.close(RemoteWebDriver.java:432)
at _22_Test_NG.Annoations.closebrowser(Annoations.java:46)
at java.base/java.util.ArrayList.forEach(ArrayList.java:1511)
... Removed 23 stack frames]]>
    </failure>
  </testcase> <!-- @AfterClass closebrowser -->
  <testcase classname="_22_Test_NG._2Basic" name="createcustomer" time="0.013"/>
  <testcase classname="_22_Test_NG._2Basic" name="deletecustomer" time="0.003"/>
  <testcase classname="_22_Test_NG._2Basic" name="editcustomer" time="0.002"/>
  <testcase classname="_22_Test_NG._2Basic" name="modifytecustomer" time="0.003"/>
  <testcase classname="_22_Test_NG._1Basic" name="createcustomer" time="0.004"/>
  <testcase classname="_22_Test_NG.Annoations" name="clickonTask" time="8.409"/>
</testsuite> <!-- Test -->
