<?xml version="1.0" encoding="UTF-8"?>
<testng-results ignored="0" total="1" passed="1" failed="0" skipped="0">
  <reporter-output>
  </reporter-output>
  <suite started-at="2023-02-13T02:41:20 IST" name="Default suite" finished-at="2023-02-13T02:41:23 IST" duration-ms="2881">
    <groups>
    </groups>
    <test started-at="2023-02-13T02:41:20 IST" name="Default test" finished-at="2023-02-13T02:41:23 IST" duration-ms="2881">
      <class name="_2_serializationDeserialization._4_StudentAPITestWithSerialization">
        <test-method signature="createNewSerialization()[pri:1, instance:_2_serializationDeserialization._4_StudentAPITestWithSerialization@7193666c]" started-at="2023-02-13T02:41:21 IST" name="createNewSerialization" finished-at="2023-02-13T02:41:23 IST" duration-ms="2816" status="PASS">
          <reporter-output>
          </reporter-output>
        </test-method> <!-- createNewSerialization -->
      </class> <!-- _2_serializationDeserialization._4_StudentAPITestWithSerialization -->
    </test> <!-- Default test -->
  </suite> <!-- Default suite -->
</testng-results>
